2023-01-14 21:42:45.451095 
                        Имя функции: hello_world 
                        Позиционные аргументы функции: () 
                        Именованные аргументы функции: {}; 
                        Функция возвращает: Hello World
2023-01-14 21:42:45.451369 
                        Имя функции: summator 
                        Позиционные аргументы функции: (2, 2) 
                        Именованные аргументы функции: {}; 
                        Функция возвращает: 4
2023-01-14 21:42:45.451785 
                        Имя функции: div 
                        Позиционные аргументы функции: (6, 2) 
                        Именованные аргументы функции: {}; 
                        Функция возвращает: 3.0
2023-01-14 21:42:45.451971 
                        Имя функции: summator 
                        Позиционные аргументы функции: (4.3,) 
                        Именованные аргументы функции: {'b': 2.2}; 
                        Функция возвращает: 6.5
