2023-01-14 21:42:45.444688 
            Имя функции: hello_world 
            Позиционные аргументы функции: () 
            Именованные аргументы функции: {}; 
            Функция возвращает: Hello World
2023-01-14 21:42:45.445113 
            Имя функции: summator 
            Позиционные аргументы функции: (2, 2) 
            Именованные аргументы функции: {}; 
            Функция возвращает: 4
2023-01-14 21:42:45.446007 
            Имя функции: div 
            Позиционные аргументы функции: (6, 2) 
            Именованные аргументы функции: {}; 
            Функция возвращает: 3.0
2023-01-14 21:42:45.446342 
            Имя функции: summator 
            Позиционные аргументы функции: (4.3,) 
            Именованные аргументы функции: {'b': 2.2}; 
            Функция возвращает: 6.5
2023-01-14 21:42:45.446593 
            Имя функции: summator 
            Позиционные аргументы функции: () 
            Именованные аргументы функции: {'a': 0, 'b': 0}; 
            Функция возвращает: 0
2023-01-14 21:42:46.290290 
            Имя функции: main 
            Позиционные аргументы функции: () 
            Именованные аргументы функции: {}; 
            Функция возвращает: <2023-01-14, 20:16> - <Если хоть раз мечтал написать crack или keygen> - <https://habr.com/ru/all//ru/post/710616/>
